<?xml version="1.0" encoding="UTF-8"?>
<testsuite name="Cucumber" time="25.941" tests="1" skipped="0" failures="0" errors="0">
<testcase classname="prompt" name="prompt assertion" time="25.762">
<system-out><![CDATA[
Given "tapAz" sitesine gidilir..............................................passed
And email kutusuna yanlis mail girilir......................................passed
And devam et butonuna basilir...............................................passed
Then girilemediği prompt ile dogrulanir.....................................passed
]]></system-out>
</testcase>
</testsuite>
